<?xml version="1.0" encoding="UTF-8"?>
<testng-results skipped="0" failed="0" total="3" passed="3">
  <reporter-output>
  </reporter-output>
  <suite name="Suite" duration-ms="743" started-at="2016-05-30T03:23:48Z" finished-at="2016-05-30T03:23:49Z">
    <groups>
    </groups>
    <test name="Test" duration-ms="743" started-at="2016-05-30T03:23:48Z" finished-at="2016-05-30T03:23:49Z">
      <class name="mytestng.dataprovider.dataproviderTest">
        <test-method status="PASS" signature="setup(java.lang.String)[pri:0, instance:mytestng.dataprovider.dataproviderTest@1c49094]" name="setup" is-config="true" duration-ms="689" started-at="2016-05-30T11:23:48Z" finished-at="2016-05-30T11:23:49Z">
          <params>
            <param index="0">
              <value>
                <![CDATA[./Workbook_Data.xlsx]]>
              </value>
            </param>
          </params>
          <reporter-output>
          </reporter-output>
        </test-method> <!-- setup -->
        <test-method status="PASS" signature="f(java.lang.String, java.lang.String)[pri:0, instance:mytestng.dataprovider.dataproviderTest@1c49094]" name="f" duration-ms="6" started-at="2016-05-30T11:23:49Z" data-provider="WorkBookData" finished-at="2016-05-30T11:23:49Z">
          <params>
            <param index="0">
              <value>
                <![CDATA[1]]>
              </value>
            </param>
            <param index="1">
              <value>
                <![CDATA[case_A]]>
              </value>
            </param>
          </params>
          <reporter-output>
          </reporter-output>
        </test-method> <!-- f -->
        <test-method status="PASS" signature="f(java.lang.String, java.lang.String)[pri:0, instance:mytestng.dataprovider.dataproviderTest@1c49094]" name="f" duration-ms="3" started-at="2016-05-30T11:23:49Z" data-provider="WorkBookData" finished-at="2016-05-30T11:23:49Z">
          <params>
            <param index="0">
              <value>
                <![CDATA[2]]>
              </value>
            </param>
            <param index="1">
              <value>
                <![CDATA[case_B]]>
              </value>
            </param>
          </params>
          <reporter-output>
          </reporter-output>
        </test-method> <!-- f -->
        <test-method status="PASS" signature="f(java.lang.String, java.lang.String)[pri:0, instance:mytestng.dataprovider.dataproviderTest@1c49094]" name="f" duration-ms="1" started-at="2016-05-30T11:23:49Z" data-provider="WorkBookData" finished-at="2016-05-30T11:23:49Z">
          <params>
            <param index="0">
              <value>
                <![CDATA[3]]>
              </value>
            </param>
            <param index="1">
              <value>
                <![CDATA[case_C]]>
              </value>
            </param>
          </params>
          <reporter-output>
          </reporter-output>
        </test-method> <!-- f -->
      </class> <!-- mytestng.dataprovider.dataproviderTest -->
    </test> <!-- Test -->
  </suite> <!-- Suite -->
</testng-results>
