<?xml version="1.0" encoding="UTF-8"?>
<!-- Generated by org.testng.reporters.JUnitXMLReporter -->
<testsuite hostname="WIN-QFVULB7F2O7" name="Test" tests="3" failures="0" timestamp="30 May 2016 03:23:49 GMT" time="0.743" errors="0">
  <testcase name="f" time="0.006" classname="mytestng.dataprovider.dataproviderTest"/>
  <testcase name="f" time="0.003" classname="mytestng.dataprovider.dataproviderTest"/>
  <testcase name="f" time="0.001" classname="mytestng.dataprovider.dataproviderTest"/>
</testsuite> <!-- Test -->
